Added Component: Designator=C1(RB0.14/0.35)
Added Component: Designator=C2(RB0.1/0.2)
Added Component: Designator=C3(RB0.1/0.2)
Added Component: Designator=C4(RB0.1/0.2)
Added Component: Designator=C5(RAD-0.2)
Added Component: Designator=C6(RAD-0.2)
Added Component: Designator=C7(RAD-0.2)
Added Component: Designator=C8(RAD-0.2)
Added Component: Designator=C9(RAD-0.2)
Added Component: Designator=C10(rad-0.2-bot)
Added Component: Designator=C11(rad-0.2-bot)
Added Component: Designator=C12(rad-0.2-bot)
Added Component: Designator=C13(rad-0.2-bot)
Added Component: Designator=C14(rad-0.2-bot)
Added Component: Designator=C15(rad-0.2-bot)
Added Component: Designator=C16(rad-0.2-bot)
Added Component: Designator=C17(rad-0.2-bot)
Added Component: Designator=C18(rad-0.2-bot)
Added Component: Designator=C19(rad-0.2)
Added Component: Designator=C20(rad-0.2)
Added Component: Designator=C21(rad-0.2)
Added Component: Designator=C22(rad-0.2)
Added Component: Designator=C23(rad-0.2)
Added Component: Designator=C24(rad-0.2)
Added Component: Designator=C25(rad-0.2)
Added Component: Designator=C26(rad-0.2)
Added Component: Designator=C27(rad-0.2-bot)
Added Component: Designator=C28(rad-0.2)
Added Component: Designator=D1(led-3mm)
Added Component: Designator=D2(led-3mm)
Added Component: Designator=D3(led-3mm)
Added Component: Designator=D4(diode-0.4)
Added Component: Designator=D5(diode-0.4)
Added Component: Designator=D6(diode-0.4)
Added Component: Designator=D7(diode-0.4)
Added Component: Designator=DS1(AFF7SEG-14MM)
Added Component: Designator=DS2(AFF7SEG-14MM)
Added Component: Designator=DS3(AFF7SEG-14MM)
Added Component: Designator=J1(BORNIER-3)
Added Component: Designator=J2(KK-1X4M)
Added Component: Designator=JMP1(JMP3-INV-0.1)
Added Component: Designator=P1(HE10-2X5M)
Added Component: Designator=Q1(NMOS-TO92)
Added Component: Designator=R1(AXIAL-0.4)
Added Component: Designator=R2(AXIAL-0.4)
Added Component: Designator=R3(AXIAL-0.4)
Added Component: Designator=R4(AXIAL-0.4)
Added Component: Designator=R5(AXIAL-0.4)
Added Component: Designator=R6(AXIAL-0.4)
Added Component: Designator=R7(AXIAL-0.4)
Added Component: Designator=R8(AXIAL-0.4)
Added Component: Designator=R9(AXIAL-0.4)
Added Component: Designator=R10(AXIAL-0.4)
Added Component: Designator=R11(AXIAL-0.4)
Added Component: Designator=R12(AXIAL-0.4)
Added Component: Designator=R13(AXIAL-0.4)
Added Component: Designator=R14(AXIAL-0.4)
Added Component: Designator=R15(AXIAL-0.4)
Added Component: Designator=R16(AXIAL-0.4)
Added Component: Designator=R17(AXIAL-0.4)
Added Component: Designator=R18(AXIAL-0.4)
Added Component: Designator=R19(AXIAL-0.4)
Added Component: Designator=R20(AXIAL-0.4)
Added Component: Designator=R21(AXIAL-0.4)
Added Component: Designator=R22(AXIAL-0.4)
Added Component: Designator=R23(AXIAL-0.4)
Added Component: Designator=R24(AXIAL-0.4)
Added Component: Designator=R25(AXIAL-0.4)
Added Component: Designator=R26(AXIAL-0.4)
Added Component: Designator=R27(AXIAL-0.4)
Added Component: Designator=R28(AXIAL-0.4)
Added Component: Designator=R29(AXIAL-0.4)
Added Component: Designator=R30(AXIAL-0.4)
Added Component: Designator=R31(AXIAL-0.4)
Added Component: Designator=R32(AXIAL-0.4)
Added Component: Designator=R33(AXIAL-0.4)
Added Component: Designator=R34(AXIAL-0.4)
Added Component: Designator=R35(AXIAL-0.4)
Added Component: Designator=R36(axial-0.4)
Added Component: Designator=R37(axial-0.4)
Added Component: Designator=R38(axial-0.4)
Added Component: Designator=R39(axial-0.4)
Added Component: Designator=R40(axial-0.4)
Added Component: Designator=R41(axial-0.4)
Added Component: Designator=R42(axial-0.4)
Added Component: Designator=R43(axial-0.4)
Added Component: Designator=R44(axial-0.4)
Added Component: Designator=R45(axial-0.4)
Added Component: Designator=R46(axial-0.4)
Added Component: Designator=R47(axial-0.4)
Added Component: Designator=R48(axial-0.4)
Added Component: Designator=R49(axial-0.4)
Added Component: Designator=R50(axial-0.4)
Added Component: Designator=R51(axial-0.4)
Added Component: Designator=R52(axial-0.4)
Added Component: Designator=R53(axial-0.4)
Added Component: Designator=R54(axial-0.4)
Added Component: Designator=R55(axial-0.4)
Added Component: Designator=RV1(VR-3386F-T)
Added Component: Designator=S1(DIP-4)
Added Component: Designator=S2(BP-MJTP12)
Added Component: Designator=U1(DIP-8)
Added Component: Designator=U2(REG-TO220)
Added Component: Designator=U3(REG-DPAK)
Added Component: Designator=U4(DIP-8)
Added Component: Designator=U5(SUPPORT-TQFP100)
Added Component: Designator=U6(dip-14)
Added Component: Designator=U7(dip-14)
Added Component: Designator=U8(DIP-16)
Added Component: Designator=W1(JMP2-0.1)
Added Component: Designator=W2(JMP2-0.1)
Added Pin To Net: NetName=+12V Pin=C1-1
Added Pin To Net: NetName=+12V Pin=C5-2
Added Pin To Net: NetName=+12V Pin=C22-2
Added Pin To Net: NetName=+12V Pin=C23-2
Added Pin To Net: NetName=+12V Pin=J1-1
Added Pin To Net: NetName=+12V Pin=J2-1
Added Pin To Net: NetName=+12V Pin=U2-1
Added Pin To Net: NetName=+12V Pin=U6-4
Added Pin To Net: NetName=+12V Pin=U7-4
Added Net: Name=+12V
Added Pin To Net: NetName=-12V Pin=C11-2
Added Pin To Net: NetName=-12V Pin=C20-2
Added Pin To Net: NetName=-12V Pin=C21-2
Added Pin To Net: NetName=-12V Pin=J1-3
Added Pin To Net: NetName=-12V Pin=J2-4
Added Pin To Net: NetName=-12V Pin=U6-11
Added Pin To Net: NetName=-12V Pin=U7-11
Added Net: Name=-12V
Added Pin To Net: NetName=1V5 Pin=C4-1
Added Pin To Net: NetName=1V5 Pin=C6-2
Added Pin To Net: NetName=1V5 Pin=C7-2
Added Pin To Net: NetName=1V5 Pin=C8-2
Added Pin To Net: NetName=1V5 Pin=C9-2
Added Pin To Net: NetName=1V5 Pin=U3-4
Added Pin To Net: NetName=1V5 Pin=U5-9
Added Pin To Net: NetName=1V5 Pin=U5-33
Added Pin To Net: NetName=1V5 Pin=U5-44
Added Pin To Net: NetName=1V5 Pin=U5-82
Added Pin To Net: NetName=1V5 Pin=U5-93
Added Net: Name=1V5
Added Pin To Net: NetName=3V3 Pin=C2-1
Added Pin To Net: NetName=3V3 Pin=C3-1
Added Pin To Net: NetName=3V3 Pin=C24-2
Added Pin To Net: NetName=3V3 Pin=C25-2
Added Pin To Net: NetName=3V3 Pin=C26-2
Added Pin To Net: NetName=3V3 Pin=D4-2
Added Pin To Net: NetName=3V3 Pin=D6-2
Added Pin To Net: NetName=3V3 Pin=DS1-3
Added Pin To Net: NetName=3V3 Pin=DS1-8
Added Pin To Net: NetName=3V3 Pin=DS2-3
Added Pin To Net: NetName=3V3 Pin=DS2-8
Added Pin To Net: NetName=3V3 Pin=DS3-3
Added Pin To Net: NetName=3V3 Pin=DS3-8
Added Pin To Net: NetName=3V3 Pin=P1-4
Added Pin To Net: NetName=3V3 Pin=R1-1
Added Pin To Net: NetName=3V3 Pin=R2-1
Added Pin To Net: NetName=3V3 Pin=R3-1
Added Pin To Net: NetName=3V3 Pin=R5-1
Added Pin To Net: NetName=3V3 Pin=R6-1
Added Pin To Net: NetName=3V3 Pin=R7-1
Added Pin To Net: NetName=3V3 Pin=R8-2
Added Pin To Net: NetName=3V3 Pin=R9-2
Added Pin To Net: NetName=3V3 Pin=R17-2
Added Pin To Net: NetName=3V3 Pin=R25-2
Added Pin To Net: NetName=3V3 Pin=R26-2
Added Pin To Net: NetName=3V3 Pin=R27-2
Added Pin To Net: NetName=3V3 Pin=R35-2
Added Pin To Net: NetName=3V3 Pin=R42-2
Added Pin To Net: NetName=3V3 Pin=RV1-2
Added Pin To Net: NetName=3V3 Pin=U1-3
Added Pin To Net: NetName=3V3 Pin=U1-7
Added Pin To Net: NetName=3V3 Pin=U1-8
Added Pin To Net: NetName=3V3 Pin=U2-3
Added Pin To Net: NetName=3V3 Pin=U3-3
Added Pin To Net: NetName=3V3 Pin=U4-8
Added Pin To Net: NetName=3V3 Pin=U5-18
Added Pin To Net: NetName=3V3 Pin=U5-31
Added Pin To Net: NetName=3V3 Pin=U5-46
Added Pin To Net: NetName=3V3 Pin=U5-59
Added Pin To Net: NetName=3V3 Pin=U5-80
Added Pin To Net: NetName=3V3 Pin=U5-95
Added Pin To Net: NetName=3V3 Pin=U8-1
Added Pin To Net: NetName=3V3 Pin=U8-7
Added Pin To Net: NetName=3V3 Pin=U8-8
Added Pin To Net: NetName=3V3 Pin=U8-9
Added Net: Name=3V3
Added Pin To Net: NetName=AFFC0 Pin=R28-1
Added Pin To Net: NetName=AFFC0 Pin=U5-38
Added Net: Name=AFFC0
Added Pin To Net: NetName=AFFC1 Pin=R29-1
Added Pin To Net: NetName=AFFC1 Pin=U5-39
Added Net: Name=AFFC1
Added Pin To Net: NetName=AFFC2 Pin=R30-1
Added Pin To Net: NetName=AFFC2 Pin=U5-40
Added Net: Name=AFFC2
Added Pin To Net: NetName=AFFC3 Pin=R31-1
Added Pin To Net: NetName=AFFC3 Pin=U5-41
Added Net: Name=AFFC3
Added Pin To Net: NetName=AFFC4 Pin=R32-1
Added Pin To Net: NetName=AFFC4 Pin=U5-42
Added Net: Name=AFFC4
Added Pin To Net: NetName=AFFC5 Pin=R33-1
Added Pin To Net: NetName=AFFC5 Pin=U5-47
Added Net: Name=AFFC5
Added Pin To Net: NetName=AFFC6 Pin=R34-1
Added Pin To Net: NetName=AFFC6 Pin=U5-48
Added Net: Name=AFFC6
Added Pin To Net: NetName=AFFD0 Pin=R18-1
Added Pin To Net: NetName=AFFD0 Pin=U5-26
Added Net: Name=AFFD0
Added Pin To Net: NetName=AFFD1 Pin=R19-1
Added Pin To Net: NetName=AFFD1 Pin=U5-27
Added Net: Name=AFFD1
Added Pin To Net: NetName=AFFD2 Pin=R20-1
Added Pin To Net: NetName=AFFD2 Pin=U5-28
Added Net: Name=AFFD2
Added Pin To Net: NetName=AFFD3 Pin=R21-1
Added Pin To Net: NetName=AFFD3 Pin=U5-29
Added Net: Name=AFFD3
Added Pin To Net: NetName=AFFD4 Pin=R22-1
Added Pin To Net: NetName=AFFD4 Pin=U5-34
Added Net: Name=AFFD4
Added Pin To Net: NetName=AFFD5 Pin=R23-1
Added Pin To Net: NetName=AFFD5 Pin=U5-35
Added Net: Name=AFFD5
Added Pin To Net: NetName=AFFD6 Pin=R24-1
Added Pin To Net: NetName=AFFD6 Pin=U5-36
Added Net: Name=AFFD6
Added Pin To Net: NetName=AFFU0 Pin=R10-1
Added Pin To Net: NetName=AFFU0 Pin=U5-5
Added Net: Name=AFFU0
Added Pin To Net: NetName=AFFU1 Pin=R11-1
Added Pin To Net: NetName=AFFU1 Pin=U5-20
Added Net: Name=AFFU1
Added Pin To Net: NetName=AFFU2 Pin=R12-1
Added Pin To Net: NetName=AFFU2 Pin=U5-21
Added Net: Name=AFFU2
Added Pin To Net: NetName=AFFU3 Pin=R13-1
Added Pin To Net: NetName=AFFU3 Pin=U5-22
Added Net: Name=AFFU3
Added Pin To Net: NetName=AFFU4 Pin=R14-1
Added Pin To Net: NetName=AFFU4 Pin=U5-23
Added Net: Name=AFFU4
Added Pin To Net: NetName=AFFU5 Pin=R15-1
Added Pin To Net: NetName=AFFU5 Pin=U5-24
Added Net: Name=AFFU5
Added Pin To Net: NetName=AFFU6 Pin=R16-1
Added Pin To Net: NetName=AFFU6 Pin=U5-25
Added Net: Name=AFFU6
Added Pin To Net: NetName=BP-REG Pin=R17-1
Added Pin To Net: NetName=BP-REG Pin=S2-1
Added Pin To Net: NetName=BP-REG Pin=U5-89
Added Net: Name=BP-REG
Added Pin To Net: NetName=CH0 Pin=C19-2
Added Pin To Net: NetName=CH0 Pin=R48-1
Added Pin To Net: NetName=CH0 Pin=U8-2
Added Net: Name=CH0
Added Pin To Net: NetName=CH1 Pin=C28-2
Added Pin To Net: NetName=CH1 Pin=R54-1
Added Pin To Net: NetName=CH1 Pin=U8-3
Added Net: Name=CH1
Added Pin To Net: NetName=GND Pin=C1-2
Added Pin To Net: NetName=GND Pin=C2-2
Added Pin To Net: NetName=GND Pin=C3-2
Added Pin To Net: NetName=GND Pin=C4-2
Added Pin To Net: NetName=GND Pin=C5-1
Added Pin To Net: NetName=GND Pin=C6-1
Added Pin To Net: NetName=GND Pin=C7-1
Added Pin To Net: NetName=GND Pin=C8-1
Added Pin To Net: NetName=GND Pin=C9-1
Added Pin To Net: NetName=GND Pin=C12-1
Added Pin To Net: NetName=GND Pin=C17-2
Added Pin To Net: NetName=GND Pin=C18-2
Added Pin To Net: NetName=GND Pin=C19-1
Added Pin To Net: NetName=GND Pin=C20-1
Added Pin To Net: NetName=GND Pin=C21-1
Added Pin To Net: NetName=GND Pin=C22-1
Added Pin To Net: NetName=GND Pin=C23-1
Added Pin To Net: NetName=GND Pin=C24-1
Added Pin To Net: NetName=GND Pin=C25-1
Added Pin To Net: NetName=GND Pin=C26-1
Added Pin To Net: NetName=GND Pin=C27-2
Added Pin To Net: NetName=GND Pin=C28-1
Added Pin To Net: NetName=GND Pin=D5-1
Added Pin To Net: NetName=GND Pin=D7-1
Added Pin To Net: NetName=GND Pin=J1-2
Added Pin To Net: NetName=GND Pin=P1-2
Added Pin To Net: NetName=GND Pin=P1-10
Added Pin To Net: NetName=GND Pin=R4-2
Added Pin To Net: NetName=GND Pin=R37-1
Added Pin To Net: NetName=GND Pin=R39-2
Added Pin To Net: NetName=GND Pin=R49-1
Added Pin To Net: NetName=GND Pin=R50-1
Added Pin To Net: NetName=GND Pin=R55-2
Added Pin To Net: NetName=GND Pin=S1-3
Added Pin To Net: NetName=GND Pin=S1-4
Added Pin To Net: NetName=GND Pin=S2-2
Added Pin To Net: NetName=GND Pin=U1-4
Added Pin To Net: NetName=GND Pin=U2-2
Added Pin To Net: NetName=GND Pin=U3-1
Added Pin To Net: NetName=GND Pin=U4-4
Added Pin To Net: NetName=GND Pin=U5-11
Added Pin To Net: NetName=GND Pin=U5-13
Added Pin To Net: NetName=GND Pin=U5-14
Added Pin To Net: NetName=GND Pin=U5-15
Added Pin To Net: NetName=GND Pin=U5-19
Added Pin To Net: NetName=GND Pin=U5-30
Added Pin To Net: NetName=GND Pin=U5-32
Added Pin To Net: NetName=GND Pin=U5-43
Added Pin To Net: NetName=GND Pin=U5-45
Added Pin To Net: NetName=GND Pin=U5-58
Added Pin To Net: NetName=GND Pin=U5-66
Added Pin To Net: NetName=GND Pin=U5-81
Added Pin To Net: NetName=GND Pin=U5-83
Added Pin To Net: NetName=GND Pin=U5-94
Added Pin To Net: NetName=GND Pin=U5-96
Added Pin To Net: NetName=GND Pin=U6-2
Added Pin To Net: NetName=GND Pin=U6-10
Added Pin To Net: NetName=GND Pin=U6-12
Added Pin To Net: NetName=GND Pin=U7-5
Added Pin To Net: NetName=GND Pin=U7-10
Added Pin To Net: NetName=GND Pin=U7-12
Added Pin To Net: NetName=GND Pin=U8-4
Added Pin To Net: NetName=GND Pin=U8-5
Added Pin To Net: NetName=GND Pin=U8-6
Added Pin To Net: NetName=GND Pin=U8-10
Added Pin To Net: NetName=GND Pin=U8-11
Added Net: Name=GND
Added Pin To Net: NetName=LED-AL Pin=D3-2
Added Pin To Net: NetName=LED-AL Pin=U5-90
Added Net: Name=LED-AL
Added Pin To Net: NetName=LED-BF Pin=D1-2
Added Pin To Net: NetName=LED-BF Pin=U5-3
Added Net: Name=LED-BF
Added Pin To Net: NetName=LED-POU Pin=D2-2
Added Pin To Net: NetName=LED-POU Pin=U5-4
Added Net: Name=LED-POU
Added Pin To Net: NetName=NetC10_1 Pin=C10-1
Added Pin To Net: NetName=NetC10_1 Pin=R36-2
Added Pin To Net: NetName=NetC10_1 Pin=U6-1
Added Pin To Net: NetName=NetC10_1 Pin=W1-1
Added Net: Name=NetC10_1
Added Pin To Net: NetName=NetC10_2 Pin=C10-2
Added Pin To Net: NetName=NetC10_2 Pin=C11-1
Added Pin To Net: NetName=NetC10_2 Pin=J2-3
Added Pin To Net: NetName=NetC10_2 Pin=R36-1
Added Pin To Net: NetName=NetC10_2 Pin=U6-3
Added Net: Name=NetC10_2
Added Pin To Net: NetName=NetC12_2 Pin=C12-2
Added Pin To Net: NetName=NetC12_2 Pin=JMP1-1
Added Pin To Net: NetName=NetC12_2 Pin=R38-2
Added Net: Name=NetC12_2
Added Pin To Net: NetName=NetC13_1 Pin=C13-1
Added Pin To Net: NetName=NetC13_1 Pin=R40-2
Added Pin To Net: NetName=NetC13_1 Pin=R45-2
Added Pin To Net: NetName=NetC13_1 Pin=U6-8
Added Net: Name=NetC13_1
Added Pin To Net: NetName=NetC13_2 Pin=C13-2
Added Pin To Net: NetName=NetC13_2 Pin=R44-2
Added Pin To Net: NetName=NetC13_2 Pin=U6-9
Added Net: Name=NetC13_2
Added Pin To Net: NetName=NetC14_1 Pin=C14-1
Added Pin To Net: NetName=NetC14_1 Pin=R41-2
Added Pin To Net: NetName=NetC14_1 Pin=U6-14
Added Pin To Net: NetName=NetC14_1 Pin=W2-1
Added Net: Name=NetC14_1
Added Pin To Net: NetName=NetC14_2 Pin=C14-2
Added Pin To Net: NetName=NetC14_2 Pin=R46-2
Added Pin To Net: NetName=NetC14_2 Pin=U6-13
Added Net: Name=NetC14_2
Added Pin To Net: NetName=NetC15_1 Pin=C15-1
Added Pin To Net: NetName=NetC15_1 Pin=R49-2
Added Pin To Net: NetName=NetC15_1 Pin=U6-5
Added Net: Name=NetC15_1
Added Pin To Net: NetName=NetC16_1 Pin=C16-1
Added Pin To Net: NetName=NetC16_1 Pin=W2-2
Added Net: Name=NetC16_1
Added Pin To Net: NetName=NetC16_2 Pin=C16-2
Added Pin To Net: NetName=NetC16_2 Pin=R42-1
Added Pin To Net: NetName=NetC16_2 Pin=R47-2
Added Pin To Net: NetName=NetC16_2 Pin=R50-2
Added Net: Name=NetC16_2
Added Pin To Net: NetName=NetC17_1 Pin=C17-1
Added Pin To Net: NetName=NetC17_1 Pin=R40-1
Added Pin To Net: NetName=NetC17_1 Pin=R43-1
Added Pin To Net: NetName=NetC17_1 Pin=R44-1
Added Net: Name=NetC17_1
Added Pin To Net: NetName=NetC18_1 Pin=C18-1
Added Pin To Net: NetName=NetC18_1 Pin=R41-1
Added Pin To Net: NetName=NetC18_1 Pin=R45-1
Added Pin To Net: NetName=NetC18_1 Pin=R46-1
Added Net: Name=NetC18_1
Added Pin To Net: NetName=NetC27_1 Pin=C27-1
Added Pin To Net: NetName=NetC27_1 Pin=R51-1
Added Pin To Net: NetName=NetC27_1 Pin=R52-1
Added Net: Name=NetC27_1
Added Pin To Net: NetName=NetD1_1 Pin=D1-1
Added Pin To Net: NetName=NetD1_1 Pin=R27-1
Added Net: Name=NetD1_1
Added Pin To Net: NetName=NetD2_1 Pin=D2-1
Added Pin To Net: NetName=NetD2_1 Pin=R26-1
Added Net: Name=NetD2_1
Added Pin To Net: NetName=NetD3_1 Pin=D3-1
Added Pin To Net: NetName=NetD3_1 Pin=R25-1
Added Net: Name=NetD3_1
Added Pin To Net: NetName=NetD4_1 Pin=D4-1
Added Pin To Net: NetName=NetD4_1 Pin=D5-2
Added Pin To Net: NetName=NetD4_1 Pin=R47-1
Added Pin To Net: NetName=NetD4_1 Pin=R48-2
Added Net: Name=NetD4_1
Added Pin To Net: NetName=NetD6_1 Pin=D6-1
Added Pin To Net: NetName=NetD6_1 Pin=D7-2
Added Pin To Net: NetName=NetD6_1 Pin=R53-1
Added Pin To Net: NetName=NetD6_1 Pin=R54-2
Added Net: Name=NetD6_1
Added Pin To Net: NetName=NetDS1_1 Pin=DS1-1
Added Pin To Net: NetName=NetDS1_1 Pin=R14-2
Added Net: Name=NetDS1_1
Added Pin To Net: NetName=NetDS1_2 Pin=DS1-2
Added Pin To Net: NetName=NetDS1_2 Pin=R13-2
Added Net: Name=NetDS1_2
Added Pin To Net: NetName=NetDS1_4 Pin=DS1-4
Added Pin To Net: NetName=NetDS1_4 Pin=R12-2
Added Net: Name=NetDS1_4
Added Pin To Net: NetName=NetDS1_6 Pin=DS1-6
Added Pin To Net: NetName=NetDS1_6 Pin=R11-2
Added Net: Name=NetDS1_6
Added Pin To Net: NetName=NetDS1_7 Pin=DS1-7
Added Pin To Net: NetName=NetDS1_7 Pin=R10-2
Added Net: Name=NetDS1_7
Added Pin To Net: NetName=NetDS1_9 Pin=DS1-9
Added Pin To Net: NetName=NetDS1_9 Pin=R15-2
Added Net: Name=NetDS1_9
Added Pin To Net: NetName=NetDS1_10 Pin=DS1-10
Added Pin To Net: NetName=NetDS1_10 Pin=R16-2
Added Net: Name=NetDS1_10
Added Pin To Net: NetName=NetDS2_1 Pin=DS2-1
Added Pin To Net: NetName=NetDS2_1 Pin=R22-2
Added Net: Name=NetDS2_1
Added Pin To Net: NetName=NetDS2_2 Pin=DS2-2
Added Pin To Net: NetName=NetDS2_2 Pin=R21-2
Added Net: Name=NetDS2_2
Added Pin To Net: NetName=NetDS2_4 Pin=DS2-4
Added Pin To Net: NetName=NetDS2_4 Pin=R20-2
Added Net: Name=NetDS2_4
Added Pin To Net: NetName=NetDS2_6 Pin=DS2-6
Added Pin To Net: NetName=NetDS2_6 Pin=R19-2
Added Net: Name=NetDS2_6
Added Pin To Net: NetName=NetDS2_7 Pin=DS2-7
Added Pin To Net: NetName=NetDS2_7 Pin=R18-2
Added Net: Name=NetDS2_7
Added Pin To Net: NetName=NetDS2_9 Pin=DS2-9
Added Pin To Net: NetName=NetDS2_9 Pin=R23-2
Added Net: Name=NetDS2_9
Added Pin To Net: NetName=NetDS2_10 Pin=DS2-10
Added Pin To Net: NetName=NetDS2_10 Pin=R24-2
Added Net: Name=NetDS2_10
Added Pin To Net: NetName=NetDS3_1 Pin=DS3-1
Added Pin To Net: NetName=NetDS3_1 Pin=R32-2
Added Net: Name=NetDS3_1
Added Pin To Net: NetName=NetDS3_2 Pin=DS3-2
Added Pin To Net: NetName=NetDS3_2 Pin=R31-2
Added Net: Name=NetDS3_2
Added Pin To Net: NetName=NetDS3_4 Pin=DS3-4
Added Pin To Net: NetName=NetDS3_4 Pin=R30-2
Added Net: Name=NetDS3_4
Added Pin To Net: NetName=NetDS3_6 Pin=DS3-6
Added Pin To Net: NetName=NetDS3_6 Pin=R29-2
Added Net: Name=NetDS3_6
Added Pin To Net: NetName=NetDS3_7 Pin=DS3-7
Added Pin To Net: NetName=NetDS3_7 Pin=R28-2
Added Net: Name=NetDS3_7
Added Pin To Net: NetName=NetDS3_9 Pin=DS3-9
Added Pin To Net: NetName=NetDS3_9 Pin=R33-2
Added Net: Name=NetDS3_9
Added Pin To Net: NetName=NetDS3_10 Pin=DS3-10
Added Pin To Net: NetName=NetDS3_10 Pin=R34-2
Added Net: Name=NetDS3_10
Added Pin To Net: NetName=NetJ2_2 Pin=J2-2
Added Pin To Net: NetName=NetJ2_2 Pin=Q1-1
Added Net: Name=NetJ2_2
Added Pin To Net: NetName=NetJMP1_2 Pin=JMP1-2
Added Pin To Net: NetName=NetJMP1_2 Pin=U7-2
Added Net: Name=NetJMP1_2
Added Pin To Net: NetName=NetJMP1_3 Pin=JMP1-3
Added Pin To Net: NetName=NetJMP1_3 Pin=RV1-3
Added Net: Name=NetJMP1_3
Added Pin To Net: NetName=NetP1_1 Pin=P1-1
Added Pin To Net: NetName=NetP1_1 Pin=R4-1
Added Pin To Net: NetName=NetP1_1 Pin=U5-62
Added Net: Name=NetP1_1
Added Pin To Net: NetName=NetP1_3 Pin=P1-3
Added Pin To Net: NetName=NetP1_3 Pin=U5-64
Added Net: Name=NetP1_3
Added Pin To Net: NetName=NetP1_5 Pin=P1-5
Added Pin To Net: NetName=NetP1_5 Pin=R2-2
Added Pin To Net: NetName=NetP1_5 Pin=U5-63
Added Net: Name=NetP1_5
Added Pin To Net: NetName=NetP1_9 Pin=P1-9
Added Pin To Net: NetName=NetP1_9 Pin=R3-2
Added Pin To Net: NetName=NetP1_9 Pin=U5-67
Added Net: Name=NetP1_9
Added Pin To Net: NetName=NetQ1_2 Pin=Q1-2
Added Pin To Net: NetName=NetQ1_2 Pin=U7-1
Added Net: Name=NetQ1_2
Added Pin To Net: NetName=NetQ1_3 Pin=Q1-3
Added Pin To Net: NetName=NetQ1_3 Pin=R39-1
Added Pin To Net: NetName=NetQ1_3 Pin=U7-3
Added Net: Name=NetQ1_3
Added Pin To Net: NetName=NetR1_2 Pin=R1-2
Added Pin To Net: NetName=NetR1_2 Pin=U4-1
Added Net: Name=NetR1_2
Added Pin To Net: NetName=NetR5_2 Pin=R5-2
Added Pin To Net: NetName=NetR5_2 Pin=U5-8
Added Net: Name=NetR5_2
Added Pin To Net: NetName=NetR6_2 Pin=R6-2
Added Pin To Net: NetName=NetR6_2 Pin=U5-60
Added Net: Name=NetR6_2
Added Pin To Net: NetName=NetR7_2 Pin=R7-2
Added Pin To Net: NetName=NetR7_2 Pin=U5-61
Added Net: Name=NetR7_2
Added Pin To Net: NetName=NetR35_1 Pin=R35-1
Added Pin To Net: NetName=NetR35_1 Pin=U5-100
Added Net: Name=NetR35_1
Added Pin To Net: NetName=NetR37_2 Pin=R37-2
Added Pin To Net: NetName=NetR37_2 Pin=RV1-1
Added Net: Name=NetR37_2
Added Pin To Net: NetName=NetR38_1 Pin=R38-1
Added Pin To Net: NetName=NetR38_1 Pin=U5-87
Added Net: Name=NetR38_1
Added Pin To Net: NetName=NetR43_2 Pin=R43-2
Added Pin To Net: NetName=NetR43_2 Pin=U6-6
Added Pin To Net: NetName=NetR43_2 Pin=U6-7
Added Net: Name=NetR43_2
Added Pin To Net: NetName=NetR52_2 Pin=R52-2
Added Pin To Net: NetName=NetR52_2 Pin=R53-2
Added Pin To Net: NetName=NetR52_2 Pin=R55-1
Added Net: Name=NetR52_2
Added Pin To Net: NetName=NetU1_1 Pin=U1-1
Added Pin To Net: NetName=NetU1_1 Pin=U5-6
Added Net: Name=NetU1_1
Added Pin To Net: NetName=NetU1_2 Pin=U1-2
Added Pin To Net: NetName=NetU1_2 Pin=U5-7
Added Net: Name=NetU1_2
Added Pin To Net: NetName=NetU1_5 Pin=U1-5
Added Pin To Net: NetName=NetU1_5 Pin=U5-17
Added Net: Name=NetU1_5
Added Pin To Net: NetName=NetU1_6 Pin=U1-6
Added Pin To Net: NetName=NetU1_6 Pin=U5-16
Added Net: Name=NetU1_6
Added Pin To Net: NetName=NetU4_5 Pin=U4-5
Added Pin To Net: NetName=NetU4_5 Pin=U5-10
Added Net: Name=NetU4_5
Added Pin To Net: NetName=NetU5_79 Pin=U5-79
Added Pin To Net: NetName=NetU5_79 Pin=U8-16
Added Net: Name=NetU5_79
Added Pin To Net: NetName=NetU5_84 Pin=U5-84
Added Pin To Net: NetName=NetU5_84 Pin=U8-14
Added Net: Name=NetU5_84
Added Pin To Net: NetName=NetU5_85 Pin=U5-85
Added Pin To Net: NetName=NetU5_85 Pin=U8-12
Added Net: Name=NetU5_85
Added Pin To Net: NetName=NetU5_88 Pin=U5-88
Added Pin To Net: NetName=NetU5_88 Pin=U8-15
Added Net: Name=NetU5_88
Added Pin To Net: NetName=NetU7_6 Pin=U7-6
Added Pin To Net: NetName=NetU7_6 Pin=U7-7
Added Net: Name=NetU7_6
Added Pin To Net: NetName=NetU7_8 Pin=U7-8
Added Pin To Net: NetName=NetU7_8 Pin=U7-9
Added Net: Name=NetU7_8
Added Pin To Net: NetName=NetU7_13 Pin=U7-13
Added Pin To Net: NetName=NetU7_13 Pin=U7-14
Added Net: Name=NetU7_13
Added Pin To Net: NetName=SW0 Pin=R9-1
Added Pin To Net: NetName=SW0 Pin=S1-1
Added Pin To Net: NetName=SW0 Pin=U5-98
Added Net: Name=SW0
Added Pin To Net: NetName=SW1 Pin=R8-1
Added Pin To Net: NetName=SW1 Pin=S1-2
Added Pin To Net: NetName=SW1 Pin=U5-97
Added Net: Name=SW1
Added Pin To Net: NetName=VSC Pin=C15-2
Added Pin To Net: NetName=VSC Pin=R51-2
Added Pin To Net: NetName=VSC Pin=W1-2
Added Net: Name=VSC
Added Class: Name=CONTROL
Added Class: Name=INTER
Added Class: Name=AFFC[0..6]
Added Class: Name=AFFD[0..6]
Added Class: Name=AFFU[0..6]
Added Room: Name=CONTROL
Added Room: Name=INTER
