Change Component Designator: Old Designator=C? New Designator=C10
Change Component Designator: Old Designator=C? New Designator=C11
Change Component Designator: Old Designator=C? New Designator=C12
Change Component Designator: Old Designator=C? New Designator=C13
Change Component Designator: Old Designator=C? New Designator=C14
Change Component Designator: Old Designator=C? New Designator=C15
Change Component Designator: Old Designator=C? New Designator=C16
Change Component Designator: Old Designator=C? New Designator=C17
Change Component Designator: Old Designator=C? New Designator=C18
Change Component Designator: Old Designator=C? New Designator=C19
Change Component Designator: Old Designator=C? New Designator=C20
Change Component Designator: Old Designator=C? New Designator=C21
Change Component Designator: Old Designator=C? New Designator=C22
Change Component Designator: Old Designator=C? New Designator=C23
Change Component Designator: Old Designator=C? New Designator=C24
Change Component Designator: Old Designator=C? New Designator=C25
Change Component Designator: Old Designator=C? New Designator=C26
Change Component Designator: Old Designator=C? New Designator=C27
Change Component Designator: Old Designator=D? New Designator=D4
Change Component Designator: Old Designator=D? New Designator=D5
Change Component Designator: Old Designator=D? New Designator=D6
Change Component Designator: Old Designator=D? New Designator=D7
Change Component Designator: Old Designator=J? New Designator=J2
Change Component Designator: Old Designator=J? New Designator=J2
Change Component Designator: Old Designator=JMP? New Designator=JMP1
Change Component Designator: Old Designator=Q? New Designator=Q1
Change Component Designator: Old Designator=R? New Designator=R36
Change Component Designator: Old Designator=R? New Designator=R37
Change Component Designator: Old Designator=R? New Designator=R38
Change Component Designator: Old Designator=R? New Designator=R39
Change Component Designator: Old Designator=R? New Designator=R40
Change Component Designator: Old Designator=R? New Designator=R41
Change Component Designator: Old Designator=R? New Designator=R42
Change Component Designator: Old Designator=R? New Designator=R43
Change Component Designator: Old Designator=R? New Designator=R44
Change Component Designator: Old Designator=R? New Designator=R45
Change Component Designator: Old Designator=R? New Designator=R46
Change Component Designator: Old Designator=R? New Designator=R47
Change Component Designator: Old Designator=R? New Designator=R48
Change Component Designator: Old Designator=R? New Designator=R49
Change Component Designator: Old Designator=R? New Designator=R50
Change Component Designator: Old Designator=R? New Designator=R51
Change Component Designator: Old Designator=R? New Designator=R52
Change Component Designator: Old Designator=R? New Designator=R53
Change Component Designator: Old Designator=R? New Designator=R54
Change Component Designator: Old Designator=R? New Designator=R55
Change Component Designator: Old Designator=RV? New Designator=RV1
Change Component Designator: Old Designator=U? New Designator=U6
Change Component Designator: Old Designator=U? New Designator=U6
Change Component Part ID : Designator=U6 Old Part ID =1 New Part ID =3
Change Component Designator: Old Designator=U? New Designator=U6
Change Component Designator: Old Designator=U? New Designator=U7
Change Component Designator: Old Designator=U? New Designator=U6
Change Component Part ID : Designator=U6 Old Part ID =3 New Part ID =4
Change Component Designator: Old Designator=U? New Designator=U7
Change Component Designator: Old Designator=U? New Designator=U7
Change Component Part ID : Designator=U7 Old Part ID =4 New Part ID =1
Change Component Designator: Old Designator=U? New Designator=U7
Change Component Designator: Old Designator=U? New Designator=U8
Change Component Designator: Old Designator=W? New Designator=W1
Change Component Designator: Old Designator=W? New Designator=W2
